[2.806s] DEBUG:colcon:Command line arguments: ['/usr/bin/colcon', 'list', '-p', '--base-paths', '/home/ali/ros2_ws/src/turtlebot3_localization']
[2.806s] DEBUG:colcon:Parsed command line arguments: Namespace(log_base=None, log_level=None, verb_name='list', build_base='build', ignore_user_meta=False, metas=['./colcon.meta'], base_paths=['/home/ali/ros2_ws/src/turtlebot3_localization'], packages_ignore=None, packages_ignore_regex=None, paths=None, packages_up_to=None, packages_up_to_regex=None, packages_above=None, packages_above_and_dependencies=None, packages_above_depth=None, packages_select_by_dep=None, packages_skip_by_dep=None, packages_skip_up_to=None, packages_select_build_failed=False, packages_skip_build_finished=False, packages_select_test_failures=False, packages_skip_test_passed=False, packages_select=None, packages_skip=None, packages_select_regex=None, packages_skip_regex=None, packages_start=None, packages_end=None, allow_overriding=[], topological_order=False, names_only=False, paths_only=True, topological_graph=False, topological_graph_dot=False, topological_graph_density=False, topological_graph_legend=False, topological_graph_dot_cluster=False, topological_graph_dot_include_skipped=False, verb_parser=<colcon_defaults.argument_parser.defaults.DefaultArgumentsDecorator object at 0x7f0324cbe9e0>, verb_extension=<colcon_package_information.verb.list.ListVerb object at 0x7f0324c39c30>, main=<bound method ListVerb.main of <colcon_package_information.verb.list.ListVerb object at 0x7f0324c39c30>>)
[3.168s] Level 1:colcon.colcon_core.package_discovery:discover_packages(colcon_meta) check parameters
[3.169s] Level 1:colcon.colcon_core.package_discovery:discover_packages(recursive) check parameters
[3.170s] Level 1:colcon.colcon_core.package_discovery:discover_packages(ignore) check parameters
[3.170s] Level 1:colcon.colcon_core.package_discovery:discover_packages(path) check parameters
[3.170s] Level 1:colcon.colcon_core.package_discovery:discover_packages(recursive) discover
[3.172s] INFO:colcon.colcon_core.package_discovery:Crawling recursively for packages in '/home/ali/ros2_ws/src/turtlebot3_localization'
[3.173s] Level 1:colcon.colcon_core.package_identification:_identify(/home/ali/ros2_ws/src/turtlebot3_localization) by extensions ['ignore', 'ignore_ament_install']
[3.174s] Level 1:colcon.colcon_core.package_identification:_identify(/home/ali/ros2_ws/src/turtlebot3_localization) by extension 'ignore'
[3.174s] Level 1:colcon.colcon_core.package_identification:_identify(/home/ali/ros2_ws/src/turtlebot3_localization) by extension 'ignore_ament_install'
[3.175s] Level 1:colcon.colcon_core.package_identification:_identify(/home/ali/ros2_ws/src/turtlebot3_localization) by extensions ['colcon_pkg']
[3.175s] Level 1:colcon.colcon_core.package_identification:_identify(/home/ali/ros2_ws/src/turtlebot3_localization) by extension 'colcon_pkg'
[3.176s] Level 1:colcon.colcon_core.package_identification:_identify(/home/ali/ros2_ws/src/turtlebot3_localization) by extensions ['colcon_meta']
[3.176s] Level 1:colcon.colcon_core.package_identification:_identify(/home/ali/ros2_ws/src/turtlebot3_localization) by extension 'colcon_meta'
[3.176s] Level 1:colcon.colcon_core.package_identification:_identify(/home/ali/ros2_ws/src/turtlebot3_localization) by extensions ['ros']
[3.176s] Level 1:colcon.colcon_core.package_identification:_identify(/home/ali/ros2_ws/src/turtlebot3_localization) by extension 'ros'
[3.291s] Level 1:colcon.colcon_core.package_identification:_identify(/home/ali/ros2_ws/src/turtlebot3_localization) by extensions ['cmake', 'python']
[3.291s] Level 1:colcon.colcon_core.package_identification:_identify(/home/ali/ros2_ws/src/turtlebot3_localization) by extension 'cmake'
[3.292s] Level 1:colcon.colcon_core.package_identification:_identify(/home/ali/ros2_ws/src/turtlebot3_localization) by extension 'python'
[3.292s] Level 1:colcon.colcon_core.package_identification:_identify(/home/ali/ros2_ws/src/turtlebot3_localization) by extensions ['python_setup_py']
[3.293s] Level 1:colcon.colcon_core.package_identification:_identify(/home/ali/ros2_ws/src/turtlebot3_localization) by extension 'python_setup_py'
[3.295s] Level 1:colcon.colcon_core.package_identification:_identify(/home/ali/ros2_ws/src/turtlebot3_localization/log) by extensions ['ignore', 'ignore_ament_install']
[3.295s] Level 1:colcon.colcon_core.package_identification:_identify(/home/ali/ros2_ws/src/turtlebot3_localization/log) by extension 'ignore'
[3.295s] Level 1:colcon.colcon_core.package_identification:_identify(/home/ali/ros2_ws/src/turtlebot3_localization/log) ignored
[3.296s] Level 1:colcon.colcon_core.package_identification:_identify(/home/ali/ros2_ws/src/turtlebot3_localization/src) by extensions ['ignore', 'ignore_ament_install']
[3.299s] Level 1:colcon.colcon_core.package_identification:_identify(/home/ali/ros2_ws/src/turtlebot3_localization/src) by extension 'ignore'
[3.300s] Level 1:colcon.colcon_core.package_identification:_identify(/home/ali/ros2_ws/src/turtlebot3_localization/src) by extension 'ignore_ament_install'
[3.300s] Level 1:colcon.colcon_core.package_identification:_identify(/home/ali/ros2_ws/src/turtlebot3_localization/src) by extensions ['colcon_pkg']
[3.301s] Level 1:colcon.colcon_core.package_identification:_identify(/home/ali/ros2_ws/src/turtlebot3_localization/src) by extension 'colcon_pkg'
[3.303s] Level 1:colcon.colcon_core.package_identification:_identify(/home/ali/ros2_ws/src/turtlebot3_localization/src) by extensions ['colcon_meta']
[3.303s] Level 1:colcon.colcon_core.package_identification:_identify(/home/ali/ros2_ws/src/turtlebot3_localization/src) by extension 'colcon_meta'
[3.304s] Level 1:colcon.colcon_core.package_identification:_identify(/home/ali/ros2_ws/src/turtlebot3_localization/src) by extensions ['ros']
[3.304s] Level 1:colcon.colcon_core.package_identification:_identify(/home/ali/ros2_ws/src/turtlebot3_localization/src) by extension 'ros'
[3.305s] Level 1:colcon.colcon_core.package_identification:_identify(/home/ali/ros2_ws/src/turtlebot3_localization/src) by extensions ['cmake', 'python']
[3.306s] Level 1:colcon.colcon_core.package_identification:_identify(/home/ali/ros2_ws/src/turtlebot3_localization/src) by extension 'cmake'
[3.314s] Level 1:colcon.colcon_core.package_identification:_identify(/home/ali/ros2_ws/src/turtlebot3_localization/src) by extension 'python'
[3.314s] Level 1:colcon.colcon_core.package_identification:_identify(/home/ali/ros2_ws/src/turtlebot3_localization/src) by extensions ['python_setup_py']
[3.314s] Level 1:colcon.colcon_core.package_identification:_identify(/home/ali/ros2_ws/src/turtlebot3_localization/src) by extension 'python_setup_py'
[3.315s] Level 1:colcon.colcon_core.package_identification:_identify(/home/ali/ros2_ws/src/turtlebot3_localization/src/kalman_filter) by extensions ['ignore', 'ignore_ament_install']
[3.316s] Level 1:colcon.colcon_core.package_identification:_identify(/home/ali/ros2_ws/src/turtlebot3_localization/src/kalman_filter) by extension 'ignore'
[3.316s] Level 1:colcon.colcon_core.package_identification:_identify(/home/ali/ros2_ws/src/turtlebot3_localization/src/kalman_filter) by extension 'ignore_ament_install'
[3.322s] Level 1:colcon.colcon_core.package_identification:_identify(/home/ali/ros2_ws/src/turtlebot3_localization/src/kalman_filter) by extensions ['colcon_pkg']
[3.322s] Level 1:colcon.colcon_core.package_identification:_identify(/home/ali/ros2_ws/src/turtlebot3_localization/src/kalman_filter) by extension 'colcon_pkg'
[3.322s] Level 1:colcon.colcon_core.package_identification:_identify(/home/ali/ros2_ws/src/turtlebot3_localization/src/kalman_filter) by extensions ['colcon_meta']
[3.323s] Level 1:colcon.colcon_core.package_identification:_identify(/home/ali/ros2_ws/src/turtlebot3_localization/src/kalman_filter) by extension 'colcon_meta'
[3.323s] Level 1:colcon.colcon_core.package_identification:_identify(/home/ali/ros2_ws/src/turtlebot3_localization/src/kalman_filter) by extensions ['ros']
[3.323s] Level 1:colcon.colcon_core.package_identification:_identify(/home/ali/ros2_ws/src/turtlebot3_localization/src/kalman_filter) by extension 'ros'
[3.367s] DEBUG:colcon.colcon_core.package_identification:Package '/home/ali/ros2_ws/src/turtlebot3_localization/src/kalman_filter' with type 'ros.ament_python' and name 'kalman_filter'
[3.367s] Level 1:colcon.colcon_core.package_identification:_identify(/home/ali/ros2_ws/src/turtlebot3_localization/src/turtlebot3_simulations) by extensions ['ignore', 'ignore_ament_install']
[3.368s] Level 1:colcon.colcon_core.package_identification:_identify(/home/ali/ros2_ws/src/turtlebot3_localization/src/turtlebot3_simulations) by extension 'ignore'
[3.369s] Level 1:colcon.colcon_core.package_identification:_identify(/home/ali/ros2_ws/src/turtlebot3_localization/src/turtlebot3_simulations) by extension 'ignore_ament_install'
[3.381s] Level 1:colcon.colcon_core.package_identification:_identify(/home/ali/ros2_ws/src/turtlebot3_localization/src/turtlebot3_simulations) by extensions ['colcon_pkg']
[3.381s] Level 1:colcon.colcon_core.package_identification:_identify(/home/ali/ros2_ws/src/turtlebot3_localization/src/turtlebot3_simulations) by extension 'colcon_pkg'
[3.382s] Level 1:colcon.colcon_core.package_identification:_identify(/home/ali/ros2_ws/src/turtlebot3_localization/src/turtlebot3_simulations) by extensions ['colcon_meta']
[3.382s] Level 1:colcon.colcon_core.package_identification:_identify(/home/ali/ros2_ws/src/turtlebot3_localization/src/turtlebot3_simulations) by extension 'colcon_meta'
[3.382s] Level 1:colcon.colcon_core.package_identification:_identify(/home/ali/ros2_ws/src/turtlebot3_localization/src/turtlebot3_simulations) by extensions ['ros']
[3.382s] Level 1:colcon.colcon_core.package_identification:_identify(/home/ali/ros2_ws/src/turtlebot3_localization/src/turtlebot3_simulations) by extension 'ros'
[3.383s] Level 1:colcon.colcon_core.package_identification:_identify(/home/ali/ros2_ws/src/turtlebot3_localization/src/turtlebot3_simulations) by extensions ['cmake', 'python']
[3.383s] Level 1:colcon.colcon_core.package_identification:_identify(/home/ali/ros2_ws/src/turtlebot3_localization/src/turtlebot3_simulations) by extension 'cmake'
[3.383s] Level 1:colcon.colcon_core.package_identification:_identify(/home/ali/ros2_ws/src/turtlebot3_localization/src/turtlebot3_simulations) by extension 'python'
[3.383s] Level 1:colcon.colcon_core.package_identification:_identify(/home/ali/ros2_ws/src/turtlebot3_localization/src/turtlebot3_simulations) by extensions ['python_setup_py']
[3.384s] Level 1:colcon.colcon_core.package_identification:_identify(/home/ali/ros2_ws/src/turtlebot3_localization/src/turtlebot3_simulations) by extension 'python_setup_py'
[3.384s] Level 1:colcon.colcon_core.package_identification:_identify(/home/ali/ros2_ws/src/turtlebot3_localization/src/turtlebot3_simulations/turtlebot3_fake_node) by extensions ['ignore', 'ignore_ament_install']
[3.385s] Level 1:colcon.colcon_core.package_identification:_identify(/home/ali/ros2_ws/src/turtlebot3_localization/src/turtlebot3_simulations/turtlebot3_fake_node) by extension 'ignore'
[3.386s] Level 1:colcon.colcon_core.package_identification:_identify(/home/ali/ros2_ws/src/turtlebot3_localization/src/turtlebot3_simulations/turtlebot3_fake_node) by extension 'ignore_ament_install'
[3.387s] Level 1:colcon.colcon_core.package_identification:_identify(/home/ali/ros2_ws/src/turtlebot3_localization/src/turtlebot3_simulations/turtlebot3_fake_node) by extensions ['colcon_pkg']
[3.387s] Level 1:colcon.colcon_core.package_identification:_identify(/home/ali/ros2_ws/src/turtlebot3_localization/src/turtlebot3_simulations/turtlebot3_fake_node) by extension 'colcon_pkg'
[3.388s] Level 1:colcon.colcon_core.package_identification:_identify(/home/ali/ros2_ws/src/turtlebot3_localization/src/turtlebot3_simulations/turtlebot3_fake_node) by extensions ['colcon_meta']
[3.388s] Level 1:colcon.colcon_core.package_identification:_identify(/home/ali/ros2_ws/src/turtlebot3_localization/src/turtlebot3_simulations/turtlebot3_fake_node) by extension 'colcon_meta'
[3.388s] Level 1:colcon.colcon_core.package_identification:_identify(/home/ali/ros2_ws/src/turtlebot3_localization/src/turtlebot3_simulations/turtlebot3_fake_node) by extensions ['ros']
[3.388s] Level 1:colcon.colcon_core.package_identification:_identify(/home/ali/ros2_ws/src/turtlebot3_localization/src/turtlebot3_simulations/turtlebot3_fake_node) by extension 'ros'
[3.396s] DEBUG:colcon.colcon_core.package_identification:Package '/home/ali/ros2_ws/src/turtlebot3_localization/src/turtlebot3_simulations/turtlebot3_fake_node' with type 'ros.ament_cmake' and name 'turtlebot3_fake_node'
[3.397s] Level 1:colcon.colcon_core.package_identification:_identify(/home/ali/ros2_ws/src/turtlebot3_localization/src/turtlebot3_simulations/turtlebot3_gazebo) by extensions ['ignore', 'ignore_ament_install']
[3.398s] Level 1:colcon.colcon_core.package_identification:_identify(/home/ali/ros2_ws/src/turtlebot3_localization/src/turtlebot3_simulations/turtlebot3_gazebo) by extension 'ignore'
[3.399s] Level 1:colcon.colcon_core.package_identification:_identify(/home/ali/ros2_ws/src/turtlebot3_localization/src/turtlebot3_simulations/turtlebot3_gazebo) by extension 'ignore_ament_install'
[3.399s] Level 1:colcon.colcon_core.package_identification:_identify(/home/ali/ros2_ws/src/turtlebot3_localization/src/turtlebot3_simulations/turtlebot3_gazebo) by extensions ['colcon_pkg']
[3.399s] Level 1:colcon.colcon_core.package_identification:_identify(/home/ali/ros2_ws/src/turtlebot3_localization/src/turtlebot3_simulations/turtlebot3_gazebo) by extension 'colcon_pkg'
[3.399s] Level 1:colcon.colcon_core.package_identification:_identify(/home/ali/ros2_ws/src/turtlebot3_localization/src/turtlebot3_simulations/turtlebot3_gazebo) by extensions ['colcon_meta']
[3.399s] Level 1:colcon.colcon_core.package_identification:_identify(/home/ali/ros2_ws/src/turtlebot3_localization/src/turtlebot3_simulations/turtlebot3_gazebo) by extension 'colcon_meta'
[3.400s] Level 1:colcon.colcon_core.package_identification:_identify(/home/ali/ros2_ws/src/turtlebot3_localization/src/turtlebot3_simulations/turtlebot3_gazebo) by extensions ['ros']
[3.401s] Level 1:colcon.colcon_core.package_identification:_identify(/home/ali/ros2_ws/src/turtlebot3_localization/src/turtlebot3_simulations/turtlebot3_gazebo) by extension 'ros'
[3.407s] DEBUG:colcon.colcon_core.package_identification:Package '/home/ali/ros2_ws/src/turtlebot3_localization/src/turtlebot3_simulations/turtlebot3_gazebo' with type 'ros.ament_cmake' and name 'turtlebot3_gazebo'
[3.409s] Level 1:colcon.colcon_core.package_identification:_identify(/home/ali/ros2_ws/src/turtlebot3_localization/src/turtlebot3_simulations/turtlebot3_simulations) by extensions ['ignore', 'ignore_ament_install']
[3.413s] Level 1:colcon.colcon_core.package_identification:_identify(/home/ali/ros2_ws/src/turtlebot3_localization/src/turtlebot3_simulations/turtlebot3_simulations) by extension 'ignore'
[3.414s] Level 1:colcon.colcon_core.package_identification:_identify(/home/ali/ros2_ws/src/turtlebot3_localization/src/turtlebot3_simulations/turtlebot3_simulations) by extension 'ignore_ament_install'
[3.414s] Level 1:colcon.colcon_core.package_identification:_identify(/home/ali/ros2_ws/src/turtlebot3_localization/src/turtlebot3_simulations/turtlebot3_simulations) by extensions ['colcon_pkg']
[3.415s] Level 1:colcon.colcon_core.package_identification:_identify(/home/ali/ros2_ws/src/turtlebot3_localization/src/turtlebot3_simulations/turtlebot3_simulations) by extension 'colcon_pkg'
[3.415s] Level 1:colcon.colcon_core.package_identification:_identify(/home/ali/ros2_ws/src/turtlebot3_localization/src/turtlebot3_simulations/turtlebot3_simulations) by extensions ['colcon_meta']
[3.415s] Level 1:colcon.colcon_core.package_identification:_identify(/home/ali/ros2_ws/src/turtlebot3_localization/src/turtlebot3_simulations/turtlebot3_simulations) by extension 'colcon_meta'
[3.416s] Level 1:colcon.colcon_core.package_identification:_identify(/home/ali/ros2_ws/src/turtlebot3_localization/src/turtlebot3_simulations/turtlebot3_simulations) by extensions ['ros']
[3.416s] Level 1:colcon.colcon_core.package_identification:_identify(/home/ali/ros2_ws/src/turtlebot3_localization/src/turtlebot3_simulations/turtlebot3_simulations) by extension 'ros'
[3.421s] DEBUG:colcon.colcon_core.package_identification:Package '/home/ali/ros2_ws/src/turtlebot3_localization/src/turtlebot3_simulations/turtlebot3_simulations' with type 'ros.ament_cmake' and name 'turtlebot3_simulations'
[3.422s] Level 1:colcon.colcon_core.package_discovery:discover_packages(recursive) using defaults
